<?xml version="1.0" encoding="UTF-8"?>
<testsuite name="com.maximumofthreevariables.MaximumOfThreeVariablesTest" tests="12" skipped="0" failures="0" errors="0" timestamp="2020-05-08T02:30:25" hostname="PRABHAKAR" time="0.01">
  <properties/>
  <testcase name="givenMoreThanThreeStrings_WhenMaximumFound_ShouldReturnFirstPositionValue" classname="com.maximumofthreevariables.MaximumOfThreeVariablesTest" time="0.003"/>
  <testcase name="givenMoreThanThreeFloatValues_WhenMaximumFound_ShouldReturnFirstPositionValue" classname="com.maximumofthreevariables.MaximumOfThreeVariablesTest" time="0.0"/>
  <testcase name="givenThreeIntegers_WhenMaximumFound_ShouldReturnFirstPositionValue" classname="com.maximumofthreevariables.MaximumOfThreeVariablesTest" time="0.0"/>
  <testcase name="givenThreeIntegers_WhenMaximumFound_ShouldReturnThirdPositionValue" classname="com.maximumofthreevariables.MaximumOfThreeVariablesTest" time="0.0"/>
  <testcase name="givenThreeFloatValues_WhenMaximumFound_ShouldReturnFirstPositionValue" classname="com.maximumofthreevariables.MaximumOfThreeVariablesTest" time="0.0"/>
  <testcase name="givenThreeFloatValues_WhenMaximumFound_ShouldReturnThirdPositionValue" classname="com.maximumofthreevariables.MaximumOfThreeVariablesTest" time="0.0"/>
  <testcase name="givenThreeFloatValues_WhenMaximumFound_ShouldReturnSecondPositionValue" classname="com.maximumofthreevariables.MaximumOfThreeVariablesTest" time="0.0"/>
  <testcase name="givenThreeStrings_WhenMaximumFound_ShouldReturnFirstPositionValue" classname="com.maximumofthreevariables.MaximumOfThreeVariablesTest" time="0.0"/>
  <testcase name="givenThreeStrings_WhenMaximumFound_ShouldReturnThirdPositionValue" classname="com.maximumofthreevariables.MaximumOfThreeVariablesTest" time="0.001"/>
  <testcase name="givenThreeStrings_WhenMaximumFound_ShouldReturnSecondPositionValue" classname="com.maximumofthreevariables.MaximumOfThreeVariablesTest" time="0.0"/>
  <testcase name="givenMoreThanThreeIntegers_WhenMaximumFound_ShouldReturnFirstPositionValue" classname="com.maximumofthreevariables.MaximumOfThreeVariablesTest" time="0.001"/>
  <testcase name="givenThreeIntegers_WhenMaximumFound_ShouldReturnSecondPositionValue" classname="com.maximumofthreevariables.MaximumOfThreeVariablesTest" time="0.0"/>
  <system-out><![CDATA[]]></system-out>
  <system-err><![CDATA[]]></system-err>
</testsuite>
